2026-01-06 12:36:59,611 | INFO | select pg_catalog.version()
2026-01-06 12:36:59,612 | INFO | [raw sql] ()
2026-01-06 12:36:59,614 | INFO | select current_schema()
2026-01-06 12:36:59,615 | INFO | [raw sql] ()
2026-01-06 12:36:59,616 | INFO | show standard_conforming_strings
2026-01-06 12:36:59,617 | INFO | [raw sql] ()
2026-01-06 12:36:59,618 | INFO | BEGIN (implicit)
2026-01-06 12:36:59,621 | INFO | SELECT pg_catalog.pg_class.relname 
FROM pg_catalog.pg_class JOIN pg_catalog.pg_namespace ON pg_catalog.pg_namespace.oid = pg_catalog.pg_class.relnamespace 
WHERE pg_catalog.pg_class.relname = $1::VARCHAR AND pg_catalog.pg_class.relkind = ANY (ARRAY[$2::VARCHAR, $3::VARCHAR, $4::VARCHAR, $5::VARCHAR, $6::VARCHAR]) AND pg_catalog.pg_table_is_visible(pg_catalog.pg_class.oid) AND pg_catalog.pg_namespace.nspname != $7::VARCHAR
2026-01-06 12:36:59,633 | INFO | [generated in 0.01161s] ('expenses', 'r', 'p', 'f', 'v', 'm', 'pg_catalog')
2026-01-06 12:36:59,642 | INFO | SELECT pg_catalog.pg_class.relname 
FROM pg_catalog.pg_class JOIN pg_catalog.pg_namespace ON pg_catalog.pg_namespace.oid = pg_catalog.pg_class.relnamespace 
WHERE pg_catalog.pg_class.relname = $1::VARCHAR AND pg_catalog.pg_class.relkind = ANY (ARRAY[$2::VARCHAR, $3::VARCHAR, $4::VARCHAR, $5::VARCHAR, $6::VARCHAR]) AND pg_catalog.pg_table_is_visible(pg_catalog.pg_class.oid) AND pg_catalog.pg_namespace.nspname != $7::VARCHAR
2026-01-06 12:36:59,643 | INFO | [cached since 0.02204s ago] ('users', 'r', 'p', 'f', 'v', 'm', 'pg_catalog')
2026-01-06 12:36:59,645 | INFO | COMMIT
2026-01-06 12:38:51,639 | INFO | BEGIN (implicit)
2026-01-06 12:38:51,642 | INFO | SELECT users.id, users.email, users.password_hash, users.created_at, users.role 
FROM users 
WHERE users.email = $1::VARCHAR
2026-01-06 12:38:51,642 | INFO | [generated in 0.00048s] ('testuser4@gmail.com',)
2026-01-06 12:38:51,932 | WARNING | Login failed | email=testuser4@gmail.com
2026-01-06 12:38:51,932 | INFO | ROLLBACK
